e:\users\simon\documents\projekte\fplll\fplll\enum-cuda\x64\debug\vc142.pdb
e:\users\simon\documents\projekte\fplll\fplll\enum-cuda\x64\debug\vc142.idb
e:\users\simon\documents\projekte\fplll\fplll\enum-cuda\x64\debug\testdata.obj
x64\debug\enum.cu.obj
x64\debug\test.cu.obj
e:\users\simon\documents\projekte\fplll\fplll\enum-cuda\x64\debug\cudaenumeration.lib
e:\users\simon\documents\projekte\fplll\fplll\enum-cuda\x64\debug\cudaenumeration.exp
e:\users\simon\documents\projekte\fplll\fplll\enum-cuda\x64\debug\cudaenumeration.exe
e:\users\simon\documents\projekte\fplll\fplll\enum-cuda\x64\debug\cudaenumeration.ilk
e:\users\simon\documents\projekte\fplll\fplll\enum-cuda\x64\debug\cudaenumeration.pdb
e:\users\simon\documents\projekte\fplll\fplll\enum-cuda\x64\debug\enum.cu.cache
e:\users\simon\documents\projekte\fplll\fplll\enum-cuda\x64\debug\kernel.cu.cache
e:\users\simon\documents\projekte\fplll\fplll\enum-cuda\x64\debug\test.cu.cache
e:\users\simon\documents\projekte\fplll\fplll\enum-cuda\x64\debug\enum.cu.obj
e:\users\simon\documents\projekte\fplll\fplll\enum-cuda\x64\debug\kernel.cu.obj
e:\users\simon\documents\projekte\fplll\fplll\enum-cuda\x64\debug\test.cu.obj
e:\users\simon\documents\projekte\fplll\fplll\enum-cuda\x64\debug\cudaenumeration.tlog\cl.command.1.tlog
e:\users\simon\documents\projekte\fplll\fplll\enum-cuda\x64\debug\cudaenumeration.tlog\cl.read.1.tlog
e:\users\simon\documents\projekte\fplll\fplll\enum-cuda\x64\debug\cudaenumeration.tlog\cl.write.1.tlog
e:\users\simon\documents\projekte\fplll\fplll\enum-cuda\x64\debug\cudaenumeration.tlog\cudacompile.read.1u.tlog
e:\users\simon\documents\projekte\fplll\fplll\enum-cuda\x64\debug\cudaenumeration.tlog\cudacompile.write.1u.tlog
e:\users\simon\documents\projekte\fplll\fplll\enum-cuda\x64\debug\cudaenumeration.tlog\cudaenumeration.write.1u.tlog
e:\users\simon\documents\projekte\fplll\fplll\enum-cuda\x64\debug\cudaenumeration.tlog\link.command.1.tlog
e:\users\simon\documents\projekte\fplll\fplll\enum-cuda\x64\debug\cudaenumeration.tlog\link.read.1.tlog
e:\users\simon\documents\projekte\fplll\fplll\enum-cuda\x64\debug\cudaenumeration.tlog\link.write.1.tlog
