  Compiling CUDA source file enum.cu...
  Compiling CUDA source file test.cu...
  
  E:\Users\Simon\Documents\Projekte\fplll\fplll\enum-cuda>"C:\Program Files\NVIDIA GPU Computing Toolkit\CUDA\v11.1\bin\nvcc.exe" -gencode=arch=compute_52,code=\"sm_52,compute_52\" --use-local-env -ccbin "C:\Program Files (x86)\Microsoft Visual Studio\2019\Community\VC\Tools\MSVC\14.27.29110\bin\HostX86\x64" -x cu   -I"C:\Program Files\NVIDIA GPU Computing Toolkit\CUDA\v11.1\include" -I"C:\Program Files\NVIDIA GPU Computing Toolkit\CUDA\v11.1\include"  -G   --keep-dir x64\Debug -maxrregcount=0  --machine 64 --compile -cudart static  -g   -DWIN32 -DWIN64 -D_DEBUG -D_CONSOLE -D_MBCS -Xcompiler "/EHsc /W3 /nologo /Od /Fdx64\Debug\vc142.pdb /FS /Zi /RTC1 /MDd " -o x64\Debug\enum.cu.obj "E:\Users\Simon\Documents\Projekte\fplll\fplll\enum-cuda\enum.cu" 
  
  E:\Users\Simon\Documents\Projekte\fplll\fplll\enum-cuda>"C:\Program Files\NVIDIA GPU Computing Toolkit\CUDA\v11.1\bin\nvcc.exe" -gencode=arch=compute_52,code=\"sm_52,compute_52\" --use-local-env -ccbin "C:\Program Files (x86)\Microsoft Visual Studio\2019\Community\VC\Tools\MSVC\14.27.29110\bin\HostX86\x64" -x cu   -I"C:\Program Files\NVIDIA GPU Computing Toolkit\CUDA\v11.1\include" -I"C:\Program Files\NVIDIA GPU Computing Toolkit\CUDA\v11.1\include"  -G   --keep-dir x64\Debug -maxrregcount=0  --machine 64 --compile -cudart static  -g   -DWIN32 -DWIN64 -D_DEBUG -D_CONSOLE -D_MBCS -Xcompiler "/EHsc /W3 /nologo /Od /Fdx64\Debug\vc142.pdb /FS /Zi /RTC1 /MDd " -o x64\Debug\test.cu.obj "E:\Users\Simon\Documents\Projekte\fplll\fplll\enum-cuda\test.cu" 
E:/Users/Simon/Documents/Projekte/fplll/fplll/enum-cuda/enum.cu(18): warning : variable "EXPAND_NODES_PER_CHILDREN" was declared but never referenced
  
E:/Users/Simon/Documents/Projekte/fplll/fplll/enum-cuda/enum.cu(714): warning : variable "max_levels_for_enumeration" was declared but never referenced
  
E:\Users\Simon\Documents\Projekte\fplll\fplll\enum-cuda\enum.cu(609): warning : extern declaration of the entity shared_mem is treated as a static definition
  
E:\Users\Simon\Documents\Projekte\fplll\fplll\enum-cuda\enum.cu(577): warning : calling a __host__ function("debug_message_thread<unsigned int > ") from a __host__ __device__ function("search_enumeration_tree< ::cooperative_groups::__v1::thread_block, (unsigned int)512u, float, (unsigned int)3u, (unsigned int)1024u> ") is not allowed
  
E:\Users\Simon\Documents\Projekte\fplll\fplll\enum-cuda\enum.cu(580): warning : calling a __host__ function("debug_message_thread<unsigned int, unsigned int > ") from a __host__ __device__ function("search_enumeration_tree< ::cooperative_groups::__v1::thread_block, (unsigned int)512u, float, (unsigned int)3u, (unsigned int)1024u> ") is not allowed
  
E:\Users\Simon\Documents\Projekte\fplll\fplll\enum-cuda\enum.cu(577): warning : calling a __host__ function("debug_message_thread<unsigned int > ") from a __host__ __device__ function("search_enumeration_tree< ::cooperative_groups::__v1::thread_block, (unsigned int)512u, float, (unsigned int)50u, (unsigned int)1024u> ") is not allowed
  
E:\Users\Simon\Documents\Projekte\fplll\fplll\enum-cuda\enum.cu(580): warning : calling a __host__ function("debug_message_thread<unsigned int, unsigned int > ") from a __host__ __device__ function("search_enumeration_tree< ::cooperative_groups::__v1::thread_block, (unsigned int)512u, float, (unsigned int)50u, (unsigned int)1024u> ") is not allowed
  
  enum.cu
  test.cu
E:/Users/Simon/Documents/Projekte/fplll/fplll/enum-cuda/enum.cu(39): warning C4146: Einem vorzeichenlosen Typ wurde ein unärer Minus-Operator zugewiesen. Das Ergebnis ist weiterhin vorzeichenlos.
E:\Users\Simon\Documents\Projekte\fplll\fplll\enum-cuda\enum.cu(39): warning C4146: Einem vorzeichenlosen Typ wurde ein unärer Minus-Operator zugewiesen. Das Ergebnis ist weiterhin vorzeichenlos.
E:/Users/Simon/Documents/Projekte/fplll/fplll/enum-cuda/test.cu(52): warning C4305: "Initialisierung": Verkürzung von "double" in "_Ty"
          with
          [
              _Ty=float
          ]
E:/Users/Simon/Documents/Projekte/fplll/fplll/enum-cuda/test.cu(55): warning C4244: "Argument": Konvertierung von "double" in "const FL", möglicher Datenverlust
          with
          [
              FL=float
          ]
E:/Users/Simon/Documents/Projekte/fplll/fplll/enum-cuda/test.cu(78): warning C4244: "Argument": Konvertierung von "double" in "const FL", möglicher Datenverlust
          with
          [
              FL=float
          ]
  CudaEnumeration.vcxproj -> E:\Users\Simon\Documents\Projekte\fplll\fplll\enum-cuda\x64\Debug\CudaEnumeration.exe
